<?xml version="1.0" encoding="UTF-8"?>
<!-- Generated by org.testng.reporters.JUnitXMLReporter -->
<testsuite hostname="DESKTOP-953G68F" ignored="0" name="JPetStore_Test" tests="4" failures="0" timestamp="2020-04-12T11:04:16 IST" time="131.781" errors="0">
  <testcase name="login" time="34.764" classname="miniproject_Runner.TestRunner"/>
  <testcase name="login" time="19.61" classname="miniproject_Runner.TestRunner2"/>
  <testcase name="login" time="42.879" classname="miniproject_Runner.TestRunner3"/>
  <testcase name="login" time="33.933" classname="miniproject_Runner.TestRunner4"/>
</testsuite> <!-- JPetStore_Test -->
