<?xml version="1.0" encoding="UTF-8"?>
<!-- Generated by org.testng.reporters.JUnitXMLReporter -->
<testsuite hostname="DESKTOP-953G68F" ignored="0" name="TestRunner" tests="16" failures="4" timestamp="2020-04-10T08:47:43 IST" time="172.497" errors="0">
  <testcase name="@AfterMethod tearDown" time="0.0" classname="miniproject_Runner.TestRunner">
    <failure type="java.lang.RuntimeException" message="java.io.IOException: Stream closed">
      <![CDATA[java.lang.RuntimeException: java.io.IOException: Stream closed
at gherkin.formatter.NiceAppendable.append(NiceAppendable.java:24)
at cucumber.runtime.formatter.HTMLFormatter.done(HTMLFormatter.java:107)
at cucumber.runtime.Utils$1.call(Utils.java:40)
at cucumber.runtime.Timeout.timeout(Timeout.java:16)
at cucumber.runtime.Utils.invoke(Utils.java:34)
at cucumber.runtime.RuntimeOptions$1.invoke(RuntimeOptions.java:294)
at com.sun.proxy.$Proxy17.done(Unknown Source)
at cucumber.api.testng.TestNGCucumberRunner.finish(TestNGCucumberRunner.java:76)
at miniproject_Runner.TestRunner.tearDown(TestRunner.java:47)
at java.util.ArrayList.forEach(Unknown Source)
Caused by: java.io.IOException: Stream closed
at sun.nio.cs.StreamEncoder.ensureOpen(Unknown Source)
at sun.nio.cs.StreamEncoder.write(Unknown Source)
at sun.nio.cs.StreamEncoder.write(Unknown Source)
at java.io.OutputStreamWriter.write(Unknown Source)
at java.io.Writer.write(Unknown Source)
at java.io.Writer.append(Unknown Source)
at java.io.Writer.append(Unknown Source)
at gherkin.formatter.NiceAppendable.append(NiceAppendable.java:20)
... 45 more
... Removed 36 stack frames]]>
    </failure>
  </testcase> <!-- @AfterMethod tearDown -->
  <testcase name="@AfterMethod tearDown" time="-1.586488537583E9" classname="miniproject_Runner.TestRunner">
    <skipped/>
  </testcase> <!-- @AfterMethod tearDown -->
  <testcase name="@AfterMethod tearDown" time="-1.586488537593E9" classname="miniproject_Runner.TestRunner">
    <skipped/>
  </testcase> <!-- @AfterMethod tearDown -->
  <testcase name="@AfterMethod tearDown" time="0.0" classname="miniproject_Runner.TestRunner2">
    <failure type="java.lang.RuntimeException" message="java.io.IOException: Stream closed">
      <![CDATA[java.lang.RuntimeException: java.io.IOException: Stream closed
at gherkin.formatter.NiceAppendable.append(NiceAppendable.java:24)
at cucumber.runtime.formatter.HTMLFormatter.done(HTMLFormatter.java:107)
at cucumber.runtime.Utils$1.call(Utils.java:40)
at cucumber.runtime.Timeout.timeout(Timeout.java:16)
at cucumber.runtime.Utils.invoke(Utils.java:34)
at cucumber.runtime.RuntimeOptions$1.invoke(RuntimeOptions.java:294)
at com.sun.proxy.$Proxy17.done(Unknown Source)
at cucumber.api.testng.TestNGCucumberRunner.finish(TestNGCucumberRunner.java:76)
at miniproject_Runner.TestRunner2.tearDown(TestRunner2.java:48)
at java.util.ArrayList.forEach(Unknown Source)
Caused by: java.io.IOException: Stream closed
at sun.nio.cs.StreamEncoder.ensureOpen(Unknown Source)
at sun.nio.cs.StreamEncoder.write(Unknown Source)
at sun.nio.cs.StreamEncoder.write(Unknown Source)
at java.io.OutputStreamWriter.write(Unknown Source)
at java.io.Writer.write(Unknown Source)
at java.io.Writer.append(Unknown Source)
at java.io.Writer.append(Unknown Source)
at gherkin.formatter.NiceAppendable.append(NiceAppendable.java:20)
... 45 more
... Removed 36 stack frames]]>
    </failure>
  </testcase> <!-- @AfterMethod tearDown -->
  <testcase name="@AfterMethod tearDown" time="-1.586488579701E9" classname="miniproject_Runner.TestRunner2">
    <skipped/>
  </testcase> <!-- @AfterMethod tearDown -->
  <testcase name="@AfterMethod tearDown" time="-1.586488579709E9" classname="miniproject_Runner.TestRunner2">
    <skipped/>
  </testcase> <!-- @AfterMethod tearDown -->
  <testcase name="@AfterMethod tearDown" time="0.0" classname="miniproject_Runner.TestRunner3">
    <failure type="java.lang.RuntimeException" message="java.io.IOException: Stream closed">
      <![CDATA[java.lang.RuntimeException: java.io.IOException: Stream closed
at gherkin.formatter.NiceAppendable.append(NiceAppendable.java:24)
at cucumber.runtime.formatter.HTMLFormatter.done(HTMLFormatter.java:107)
at cucumber.runtime.Utils$1.call(Utils.java:40)
at cucumber.runtime.Timeout.timeout(Timeout.java:16)
at cucumber.runtime.Utils.invoke(Utils.java:34)
at cucumber.runtime.RuntimeOptions$1.invoke(RuntimeOptions.java:294)
at com.sun.proxy.$Proxy17.done(Unknown Source)
at cucumber.api.testng.TestNGCucumberRunner.finish(TestNGCucumberRunner.java:76)
at miniproject_Runner.TestRunner3.tearDown(TestRunner3.java:47)
at java.util.ArrayList.forEach(Unknown Source)
Caused by: java.io.IOException: Stream closed
at sun.nio.cs.StreamEncoder.ensureOpen(Unknown Source)
at sun.nio.cs.StreamEncoder.write(Unknown Source)
at sun.nio.cs.StreamEncoder.write(Unknown Source)
at java.io.OutputStreamWriter.write(Unknown Source)
at java.io.Writer.write(Unknown Source)
at java.io.Writer.append(Unknown Source)
at java.io.Writer.append(Unknown Source)
at gherkin.formatter.NiceAppendable.append(NiceAppendable.java:20)
... 45 more
... Removed 36 stack frames]]>
    </failure>
  </testcase> <!-- @AfterMethod tearDown -->
  <testcase name="@AfterMethod tearDown" time="-1.586488621218E9" classname="miniproject_Runner.TestRunner3">
    <skipped/>
  </testcase> <!-- @AfterMethod tearDown -->
  <testcase name="@AfterMethod tearDown" time="-1.586488621224E9" classname="miniproject_Runner.TestRunner3">
    <skipped/>
  </testcase> <!-- @AfterMethod tearDown -->
  <testcase name="@AfterMethod tearDown" time="0.001" classname="miniproject_Runner.TestRunner4">
    <failure type="java.lang.RuntimeException" message="java.io.IOException: Stream closed">
      <![CDATA[java.lang.RuntimeException: java.io.IOException: Stream closed
at gherkin.formatter.NiceAppendable.append(NiceAppendable.java:24)
at cucumber.runtime.formatter.HTMLFormatter.done(HTMLFormatter.java:107)
at cucumber.runtime.Utils$1.call(Utils.java:40)
at cucumber.runtime.Timeout.timeout(Timeout.java:16)
at cucumber.runtime.Utils.invoke(Utils.java:34)
at cucumber.runtime.RuntimeOptions$1.invoke(RuntimeOptions.java:294)
at com.sun.proxy.$Proxy17.done(Unknown Source)
at cucumber.api.testng.TestNGCucumberRunner.finish(TestNGCucumberRunner.java:76)
at miniproject_Runner.TestRunner4.tearDown(TestRunner4.java:47)
at java.util.ArrayList.forEach(Unknown Source)
Caused by: java.io.IOException: Stream closed
at sun.nio.cs.StreamEncoder.ensureOpen(Unknown Source)
at sun.nio.cs.StreamEncoder.write(Unknown Source)
at sun.nio.cs.StreamEncoder.write(Unknown Source)
at java.io.OutputStreamWriter.write(Unknown Source)
at java.io.Writer.write(Unknown Source)
at java.io.Writer.append(Unknown Source)
at java.io.Writer.append(Unknown Source)
at gherkin.formatter.NiceAppendable.append(NiceAppendable.java:20)
... 45 more
... Removed 36 stack frames]]>
    </failure>
  </testcase> <!-- @AfterMethod tearDown -->
  <testcase name="@AfterMethod tearDown" time="-1.58648866354E9" classname="miniproject_Runner.TestRunner4">
    <skipped/>
  </testcase> <!-- @AfterMethod tearDown -->
  <testcase name="@AfterMethod tearDown" time="-1.586488663544E9" classname="miniproject_Runner.TestRunner4">
    <skipped/>
  </testcase> <!-- @AfterMethod tearDown -->
  <testcase name="login" time="46.091" classname="miniproject_Runner.TestRunner"/>
  <testcase name="login" time="0.001" classname="miniproject_Runner.TestRunner">
    <failure type="java.lang.RuntimeException" message="java.io.IOException: Stream closed">
      <![CDATA[java.lang.RuntimeException: java.io.IOException: Stream closed
at gherkin.formatter.NiceAppendable.append(NiceAppendable.java:24)
at cucumber.runtime.formatter.HTMLFormatter.jsFunctionCall(HTMLFormatter.java:169)
at cucumber.runtime.formatter.HTMLFormatter.uri(HTMLFormatter.java:63)
at cucumber.runtime.Utils$1.call(Utils.java:40)
at cucumber.runtime.Timeout.timeout(Timeout.java:16)
at cucumber.runtime.Utils.invoke(Utils.java:34)
at cucumber.runtime.RuntimeOptions$1.invoke(RuntimeOptions.java:294)
at com.sun.proxy.$Proxy17.uri(Unknown Source)
at cucumber.runtime.model.CucumberFeature.run(CucumberFeature.java:160)
at cucumber.api.testng.TestNGCucumberRunner.runCucumber(TestNGCucumberRunner.java:63)
at miniproject_Runner.TestRunner.login(TestRunner.java:34)
at java.util.ArrayList.forEach(Unknown Source)
Caused by: java.io.IOException: Stream closed
at sun.nio.cs.StreamEncoder.ensureOpen(Unknown Source)
at sun.nio.cs.StreamEncoder.write(Unknown Source)
at sun.nio.cs.StreamEncoder.write(Unknown Source)
at java.io.OutputStreamWriter.write(Unknown Source)
at java.io.Writer.write(Unknown Source)
at java.io.Writer.append(Unknown Source)
at java.io.Writer.append(Unknown Source)
at gherkin.formatter.NiceAppendable.append(NiceAppendable.java:20)
... 42 more
... Removed 31 stack frames]]>
    </failure>
  </testcase> <!-- login -->
  <testcase name="login" time="0.0" classname="miniproject_Runner.TestRunner">
    <skipped/>
  </testcase> <!-- login -->
  <testcase name="login" time="0.0" classname="miniproject_Runner.TestRunner">
    <skipped/>
  </testcase> <!-- login -->
  <testcase name="login" time="41.987" classname="miniproject_Runner.TestRunner2"/>
  <testcase name="login" time="0.007" classname="miniproject_Runner.TestRunner2">
    <failure type="java.lang.RuntimeException" message="java.io.IOException: Stream closed">
      <![CDATA[java.lang.RuntimeException: java.io.IOException: Stream closed
at gherkin.formatter.NiceAppendable.append(NiceAppendable.java:24)
at cucumber.runtime.formatter.HTMLFormatter.jsFunctionCall(HTMLFormatter.java:169)
at cucumber.runtime.formatter.HTMLFormatter.uri(HTMLFormatter.java:63)
at cucumber.runtime.Utils$1.call(Utils.java:40)
at cucumber.runtime.Timeout.timeout(Timeout.java:16)
at cucumber.runtime.Utils.invoke(Utils.java:34)
at cucumber.runtime.RuntimeOptions$1.invoke(RuntimeOptions.java:294)
at com.sun.proxy.$Proxy17.uri(Unknown Source)
at cucumber.runtime.model.CucumberFeature.run(CucumberFeature.java:160)
at cucumber.api.testng.TestNGCucumberRunner.runCucumber(TestNGCucumberRunner.java:63)
at miniproject_Runner.TestRunner2.login(TestRunner2.java:35)
at java.util.ArrayList.forEach(Unknown Source)
Caused by: java.io.IOException: Stream closed
at sun.nio.cs.StreamEncoder.ensureOpen(Unknown Source)
at sun.nio.cs.StreamEncoder.write(Unknown Source)
at sun.nio.cs.StreamEncoder.write(Unknown Source)
at java.io.OutputStreamWriter.write(Unknown Source)
at java.io.Writer.write(Unknown Source)
at java.io.Writer.append(Unknown Source)
at java.io.Writer.append(Unknown Source)
at gherkin.formatter.NiceAppendable.append(NiceAppendable.java:20)
... 42 more
... Removed 31 stack frames]]>
    </failure>
  </testcase> <!-- login -->
  <testcase name="login" time="0.0" classname="miniproject_Runner.TestRunner2">
    <skipped/>
  </testcase> <!-- login -->
  <testcase name="login" time="0.0" classname="miniproject_Runner.TestRunner2">
    <skipped/>
  </testcase> <!-- login -->
  <testcase name="login" time="41.412" classname="miniproject_Runner.TestRunner3"/>
  <testcase name="login" time="0.002" classname="miniproject_Runner.TestRunner3">
    <failure type="java.lang.RuntimeException" message="java.io.IOException: Stream closed">
      <![CDATA[java.lang.RuntimeException: java.io.IOException: Stream closed
at gherkin.formatter.NiceAppendable.append(NiceAppendable.java:24)
at cucumber.runtime.formatter.HTMLFormatter.jsFunctionCall(HTMLFormatter.java:169)
at cucumber.runtime.formatter.HTMLFormatter.uri(HTMLFormatter.java:63)
at cucumber.runtime.Utils$1.call(Utils.java:40)
at cucumber.runtime.Timeout.timeout(Timeout.java:16)
at cucumber.runtime.Utils.invoke(Utils.java:34)
at cucumber.runtime.RuntimeOptions$1.invoke(RuntimeOptions.java:294)
at com.sun.proxy.$Proxy17.uri(Unknown Source)
at cucumber.runtime.model.CucumberFeature.run(CucumberFeature.java:160)
at cucumber.api.testng.TestNGCucumberRunner.runCucumber(TestNGCucumberRunner.java:63)
at miniproject_Runner.TestRunner3.login(TestRunner3.java:34)
at java.util.ArrayList.forEach(Unknown Source)
Caused by: java.io.IOException: Stream closed
at sun.nio.cs.StreamEncoder.ensureOpen(Unknown Source)
at sun.nio.cs.StreamEncoder.write(Unknown Source)
at sun.nio.cs.StreamEncoder.write(Unknown Source)
at java.io.OutputStreamWriter.write(Unknown Source)
at java.io.Writer.write(Unknown Source)
at java.io.Writer.append(Unknown Source)
at java.io.Writer.append(Unknown Source)
at gherkin.formatter.NiceAppendable.append(NiceAppendable.java:20)
... 42 more
... Removed 31 stack frames]]>
    </failure>
  </testcase> <!-- login -->
  <testcase name="login" time="0.0" classname="miniproject_Runner.TestRunner3">
    <skipped/>
  </testcase> <!-- login -->
  <testcase name="login" time="0.0" classname="miniproject_Runner.TestRunner3">
    <skipped/>
  </testcase> <!-- login -->
  <testcase name="login" time="42.24" classname="miniproject_Runner.TestRunner4"/>
  <testcase name="login" time="0.001" classname="miniproject_Runner.TestRunner4">
    <failure type="java.lang.RuntimeException" message="java.io.IOException: Stream closed">
      <![CDATA[java.lang.RuntimeException: java.io.IOException: Stream closed
at gherkin.formatter.NiceAppendable.append(NiceAppendable.java:24)
at cucumber.runtime.formatter.HTMLFormatter.jsFunctionCall(HTMLFormatter.java:169)
at cucumber.runtime.formatter.HTMLFormatter.uri(HTMLFormatter.java:63)
at cucumber.runtime.Utils$1.call(Utils.java:40)
at cucumber.runtime.Timeout.timeout(Timeout.java:16)
at cucumber.runtime.Utils.invoke(Utils.java:34)
at cucumber.runtime.RuntimeOptions$1.invoke(RuntimeOptions.java:294)
at com.sun.proxy.$Proxy17.uri(Unknown Source)
at cucumber.runtime.model.CucumberFeature.run(CucumberFeature.java:160)
at cucumber.api.testng.TestNGCucumberRunner.runCucumber(TestNGCucumberRunner.java:63)
at miniproject_Runner.TestRunner4.login(TestRunner4.java:34)
at java.util.ArrayList.forEach(Unknown Source)
Caused by: java.io.IOException: Stream closed
at sun.nio.cs.StreamEncoder.ensureOpen(Unknown Source)
at sun.nio.cs.StreamEncoder.write(Unknown Source)
at sun.nio.cs.StreamEncoder.write(Unknown Source)
at java.io.OutputStreamWriter.write(Unknown Source)
at java.io.Writer.write(Unknown Source)
at java.io.Writer.append(Unknown Source)
at java.io.Writer.append(Unknown Source)
at gherkin.formatter.NiceAppendable.append(NiceAppendable.java:20)
... 42 more
... Removed 31 stack frames]]>
    </failure>
  </testcase> <!-- login -->
  <testcase name="login" time="0.0" classname="miniproject_Runner.TestRunner4">
    <skipped/>
  </testcase> <!-- login -->
  <testcase name="login" time="0.0" classname="miniproject_Runner.TestRunner4">
    <skipped/>
  </testcase> <!-- login -->
</testsuite> <!-- TestRunner -->
