<?xml version="1.0" encoding="UTF-8"?>
<!-- Generated by org.testng.reporters.JUnitXMLReporter -->
<testsuite hostname="DESKTOP-953G68F" ignored="0" name="XML_JpetStore" tests="4" failures="0" timestamp="2020-04-10T09:00:32 IST" time="167.268" errors="0">
  <testcase name="login" time="45.647" classname="miniproject_Runner.TestRunner"/>
  <testcase name="login" time="39.953" classname="miniproject_Runner.TestRunner2"/>
  <testcase name="login" time="40.675" classname="miniproject_Runner.TestRunner3"/>
  <testcase name="login" time="40.336" classname="miniproject_Runner.TestRunner4"/>
</testsuite> <!-- XML_JpetStore -->
