<?xml version="1.0" encoding="UTF-8"?>
<!-- Generated by org.testng.reporters.JUnitXMLReporter -->
<testsuite hostname="DESKTOP-953G68F" ignored="0" name="JpetStore_Featutes_Test" tests="4" failures="0" timestamp="2020-04-11T10:34:50 IST" time="188.011" errors="0">
  <testcase name="login" time="52.713" classname="miniproject_Runner.TestRunner"/>
  <testcase name="login" time="44.53" classname="miniproject_Runner.TestRunner2"/>
  <testcase name="login" time="45.376" classname="miniproject_Runner.TestRunner3"/>
  <testcase name="login" time="44.499" classname="miniproject_Runner.TestRunner4"/>
</testsuite> <!-- JpetStore_Featutes_Test -->
